c:\users\82103\desktop\opencv 프로그래밍 tp02ocv - 중간\tp_opencv\x64\release\tp_opencv.exe
c:\users\82103\desktop\opencv 프로그래밍 tp02ocv - 중간\tp_opencv\x64\release\tp_opencv.pdb
c:\users\82103\desktop\opencv 프로그래밍 tp02ocv - 중간\tp_opencv\x64\release\tp_opencv.ipdb
c:\users\82103\desktop\opencv 프로그래밍 tp02ocv - 중간\tp_opencv\x64\release\tp_opencv.iobj
c:\users\82103\desktop\opencv 프로그래밍 tp02ocv - 중간\tp_opencv\x64\release\tesseract53.dll
c:\users\82103\desktop\opencv 프로그래밍 tp02ocv - 중간\tp_opencv\x64\release\archive.dll
c:\users\82103\desktop\opencv 프로그래밍 tp02ocv - 중간\tp_opencv\x64\release\zlib1.dll
c:\users\82103\desktop\opencv 프로그래밍 tp02ocv - 중간\tp_opencv\x64\release\bz2.dll
c:\users\82103\desktop\opencv 프로그래밍 tp02ocv - 중간\tp_opencv\x64\release\liblzma.dll
c:\users\82103\desktop\opencv 프로그래밍 tp02ocv - 중간\tp_opencv\x64\release\lz4.dll
c:\users\82103\desktop\opencv 프로그래밍 tp02ocv - 중간\tp_opencv\x64\release\zstd.dll
c:\users\82103\desktop\opencv 프로그래밍 tp02ocv - 중간\tp_opencv\x64\release\libcrypto-3-x64.dll
c:\users\82103\desktop\opencv 프로그래밍 tp02ocv - 중간\tp_opencv\x64\release\libcurl.dll
c:\users\82103\desktop\opencv 프로그래밍 tp02ocv - 중간\tp_opencv\x64\release\leptonica-1.83.1.dll
c:\users\82103\desktop\opencv 프로그래밍 tp02ocv - 중간\tp_opencv\x64\release\gif.dll
c:\users\82103\desktop\opencv 프로그래밍 tp02ocv - 중간\tp_opencv\x64\release\jpeg62.dll
c:\users\82103\desktop\opencv 프로그래밍 tp02ocv - 중간\tp_opencv\x64\release\openjp2.dll
c:\users\82103\desktop\opencv 프로그래밍 tp02ocv - 중간\tp_opencv\x64\release\libpng16.dll
c:\users\82103\desktop\opencv 프로그래밍 tp02ocv - 중간\tp_opencv\x64\release\tiff.dll
c:\users\82103\desktop\opencv 프로그래밍 tp02ocv - 중간\tp_opencv\x64\release\libwebp.dll
c:\users\82103\desktop\opencv 프로그래밍 tp02ocv - 중간\tp_opencv\x64\release\libsharpyuv.dll
c:\users\82103\desktop\opencv 프로그래밍 tp02ocv - 중간\tp_opencv\x64\release\libwebpmux.dll
c:\users\82103\desktop\opencv 프로그래밍 tp02ocv - 중간\tp_opencv\x64\release\vc142.pdb
c:\users\82103\desktop\opencv 프로그래밍 tp02ocv - 중간\tp_opencv\x64\release\tp_opencv.tlog\cl.command.1.tlog
c:\users\82103\desktop\opencv 프로그래밍 tp02ocv - 중간\tp_opencv\x64\release\tp_opencv.tlog\link.command.1.tlog
c:\users\82103\desktop\opencv 프로그래밍 tp02ocv - 중간\tp_opencv\x64\release\tp_opencv.tlog\link.read.1.tlog
c:\users\82103\desktop\opencv 프로그래밍 tp02ocv - 중간\tp_opencv\x64\release\tp_opencv.tlog\link.write.1.tlog
c:\users\82103\desktop\opencv 프로그래밍 tp02ocv - 중간\tp_opencv\x64\release\tp_opencv.tlog\tp_opencv.write.1u.tlog
